2022-01-03 13:26:56,606 WARN [HikariPool-1 housekeeper] c.z.h.p.HikariPool [HikariPool.java:787] HikariPool-1 - Thread starvation or clock leap detected (housekeeper delta=2d23h34m48s404ms134µs590ns).
2022-01-03 13:26:56,868 INFO [SpringContextShutdownHook] o.s.o.j.LocalContainerEntityManagerFactoryBean [AbstractEntityManagerFactoryBean.java:598] Closing JPA EntityManagerFactory for persistence unit 'default'
2022-01-03 13:26:56,890 INFO [SpringContextShutdownHook] o.s.s.c.ThreadPoolTaskExecutor [ExecutorConfigurationSupport.java:218] Shutting down ExecutorService 'applicationTaskExecutor'
2022-01-03 13:26:56,891 INFO [SpringContextShutdownHook] c.z.h.HikariDataSource [HikariDataSource.java:350] HikariPool-1 - Shutdown initiated...
2022-01-03 13:27:02,608 INFO [SpringContextShutdownHook] c.z.h.HikariDataSource [HikariDataSource.java:352] HikariPool-1 - Shutdown completed.
2022-01-03 13:30:45,267 INFO [main] c.e.t.ToDoLIstProjectApplication [StartupInfoLogger.java:55] Starting ToDoLIstProjectApplication on Computer with PID 10484 (D:\IdeaProjects\ToDoListProject\target\classes started by Elina in D:\IdeaProjects\ToDoListProject)
2022-01-03 13:30:45,276 INFO [main] c.e.t.ToDoLIstProjectApplication [SpringApplication.java:651] No active profile set, falling back to default profiles: default
2022-01-03 13:30:46,784 INFO [main] o.s.d.r.c.RepositoryConfigurationDelegate [RepositoryConfigurationDelegate.java:127] Bootstrapping Spring Data JPA repositories in DEFERRED mode.
2022-01-03 13:30:46,867 INFO [main] o.s.d.r.c.RepositoryConfigurationDelegate [RepositoryConfigurationDelegate.java:187] Finished Spring Data repository scanning in 76ms. Found 4 JPA repository interfaces.
2022-01-03 13:30:47,166 INFO [main] o.s.c.s.PostProcessorRegistrationDelegate$BeanPostProcessorChecker [PostProcessorRegistrationDelegate.java:335] Bean 'org.springframework.ws.config.annotation.DelegatingWsConfiguration' of type [org.springframework.ws.config.annotation.DelegatingWsConfiguration$$EnhancerBySpringCGLIB$$c7ef17d2] is not eligible for getting processed by all BeanPostProcessors (for example: not eligible for auto-proxying)
2022-01-03 13:30:47,237 INFO [main] o.s.w.s.a.s.AnnotationActionEndpointMapping [AbstractAddressingEndpointMapping.java:236] Supporting [WS-Addressing August 2004, WS-Addressing 1.0]
2022-01-03 13:30:47,372 INFO [main] o.s.c.s.PostProcessorRegistrationDelegate$BeanPostProcessorChecker [PostProcessorRegistrationDelegate.java:335] Bean 'org.springframework.security.access.expression.method.DefaultMethodSecurityExpressionHandler@4b88ca8e' of type [org.springframework.security.access.expression.method.DefaultMethodSecurityExpressionHandler] is not eligible for getting processed by all BeanPostProcessors (for example: not eligible for auto-proxying)
2022-01-03 13:30:47,383 INFO [main] o.s.c.s.PostProcessorRegistrationDelegate$BeanPostProcessorChecker [PostProcessorRegistrationDelegate.java:335] Bean 'methodSecurityMetadataSource' of type [org.springframework.security.access.method.DelegatingMethodSecurityMetadataSource] is not eligible for getting processed by all BeanPostProcessors (for example: not eligible for auto-proxying)
2022-01-03 13:30:47,742 INFO [main] o.s.b.w.e.t.TomcatWebServer [TomcatWebServer.java:108] Tomcat initialized with port(s): 8080 (http)
2022-01-03 13:30:47,758 INFO [main] o.a.c.h.Http11NioProtocol [DirectJDKLog.java:173] Initializing ProtocolHandler ["http-nio-8080"]
2022-01-03 13:30:47,759 INFO [main] o.a.c.c.StandardService [DirectJDKLog.java:173] Starting service [Tomcat]
2022-01-03 13:30:47,760 INFO [main] o.a.c.c.StandardEngine [DirectJDKLog.java:173] Starting Servlet engine: [Apache Tomcat/9.0.35]
2022-01-03 13:30:47,953 INFO [main] o.a.c.c.C.[.[.[/] [DirectJDKLog.java:173] Initializing Spring embedded WebApplicationContext
2022-01-03 13:30:47,954 INFO [main] o.s.w.c.ContextLoader [ServletWebServerApplicationContext.java:284] Root WebApplicationContext: initialization completed in 2595 ms
2022-01-03 13:30:48,112 WARN [main] o.s.b.a.o.j.JpaBaseConfiguration$JpaWebConfiguration [JpaBaseConfiguration.java:220] spring.jpa.open-in-view is enabled by default. Therefore, database queries may be performed during view rendering. Explicitly configure spring.jpa.open-in-view to disable this warning
2022-01-03 13:30:48,238 INFO [main] o.s.s.c.ThreadPoolTaskExecutor [ExecutorConfigurationSupport.java:181] Initializing ExecutorService 'applicationTaskExecutor'
2022-01-03 13:30:48,290 INFO [task-1] o.h.j.i.u.LogHelper [LogHelper.java:31] HHH000204: Processing PersistenceUnitInfo [name: default]
2022-01-03 13:30:48,384 INFO [task-1] o.h.Version [Version.java:44] HHH000412: Hibernate ORM core version 5.4.15.Final
2022-01-03 13:30:48,622 INFO [task-1] o.h.a.c.Version [JavaReflectionManager.java:49] HCANN000001: Hibernate Commons Annotations {5.1.0.Final}
2022-01-03 13:30:48,758 INFO [task-1] c.z.h.HikariDataSource [HikariDataSource.java:110] HikariPool-1 - Starting...
2022-01-03 13:30:50,387 INFO [task-1] c.z.h.HikariDataSource [HikariDataSource.java:123] HikariPool-1 - Start completed.
2022-01-03 13:30:50,405 INFO [task-1] o.h.d.Dialect [Dialect.java:172] HHH000400: Using dialect: org.hibernate.dialect.PostgreSQLDialect
2022-01-03 13:31:09,510 WARN [task-1] c.z.h.p.PoolBase [PoolBase.java:184] HikariPool-1 - Failed to validate connection org.postgresql.jdbc.PgConnection@68576a5f (Соединение уже было закрыто). Possibly consider using a shorter maxLifetime value.
2022-01-03 13:31:44,897 INFO [task-1] o.h.e.t.j.p.i.JtaPlatformInitiator [JtaPlatformInitiator.java:52] HHH000490: Using JtaPlatform implementation: [org.hibernate.engine.transaction.jta.platform.internal.NoJtaPlatform]
2022-01-03 13:31:44,903 INFO [task-1] o.s.o.j.LocalContainerEntityManagerFactoryBean [AbstractEntityManagerFactoryBean.java:416] Initialized JPA EntityManagerFactory for persistence unit 'default'
2022-01-03 13:31:45,194 INFO [main] s.d.s.w.PropertySourcedRequestMappingHandlerMapping [PropertySourcedRequestMappingHandlerMapping.java:69] Mapped URL path [/v2/api-docs] onto method [springfox.documentation.swagger2.web.Swagger2Controller#getDocumentation(String, HttpServletRequest)]
2022-01-03 13:31:45,332 INFO [main] o.s.s.w.DefaultSecurityFilterChain [DefaultSecurityFilterChain.java:43] Creating filter chain: any request, [org.springframework.security.web.context.request.async.WebAsyncManagerIntegrationFilter@4e61a863, org.springframework.security.web.context.SecurityContextPersistenceFilter@14af73e1, org.springframework.security.web.header.HeaderWriterFilter@2295566b, org.springframework.web.filter.CorsFilter@54be6213, org.springframework.security.web.authentication.logout.LogoutFilter@1592e540, com.example.todolistproject.security.jwt.JwtTokenFilter@35f01759, org.springframework.security.web.savedrequest.RequestCacheAwareFilter@24068086, org.springframework.security.web.servletapi.SecurityContextHolderAwareRequestFilter@3a751535, org.springframework.security.web.session.SessionManagementFilter@53a09566, org.springframework.security.web.access.ExceptionTranslationFilter@1d1b3620, org.springframework.security.web.access.intercept.FilterSecurityInterceptor@2cff5aa3]
2022-01-03 13:31:45,650 INFO [main] o.a.c.h.Http11NioProtocol [DirectJDKLog.java:173] Starting ProtocolHandler ["http-nio-8080"]
2022-01-03 13:31:45,669 INFO [main] o.s.b.w.e.t.TomcatWebServer [TomcatWebServer.java:220] Tomcat started on port(s): 8080 (http) with context path ''
2022-01-03 13:31:45,670 INFO [main] s.d.s.w.p.DocumentationPluginsBootstrapper [DocumentationPluginsBootstrapper.java:160] Context refreshed
2022-01-03 13:31:45,684 INFO [main] s.d.s.w.p.DocumentationPluginsBootstrapper [DocumentationPluginsBootstrapper.java:163] Found 1 custom documentation plugin(s)
2022-01-03 13:31:45,704 INFO [main] s.d.s.w.s.ApiListingReferenceScanner [ApiListingReferenceScanner.java:41] Scanning for api listing references
2022-01-03 13:31:45,871 INFO [main] o.s.d.r.c.DeferredRepositoryInitializationListener [DeferredRepositoryInitializationListener.java:49] Triggering deferred initialization of Spring Data repositories…
2022-01-03 13:31:46,005 INFO [main] o.s.d.r.c.DeferredRepositoryInitializationListener [DeferredRepositoryInitializationListener.java:53] Spring Data repositories initialized!
2022-01-03 13:31:46,017 INFO [main] c.e.t.ToDoLIstProjectApplication [StartupInfoLogger.java:61] Started ToDoLIstProjectApplication in 61.276 seconds (JVM running for 62.789)
